<?xml version="1.0" encoding="UTF-8"?>
<testng-results skipped="0" failed="0" ignored="0" total="2" passed="2">
  <reporter-output>
  </reporter-output>
  <suite name="Default suite" duration-ms="14744" started-at="2023-07-15T16:49:06 IST" finished-at="2023-07-15T16:49:21 IST">
    <groups>
    </groups>
    <test name="Default test" duration-ms="14744" started-at="2023-07-15T16:49:06 IST" finished-at="2023-07-15T16:49:21 IST">
      <class name="login.TC_01_Test">
        <test-method status="PASS" signature="LaunchingBrowser()[pri:0, instance:login.TC_01_Test@42607a4f]" name="LaunchingBrowser" is-config="true" duration-ms="6344" started-at="2023-07-15T16:49:06 IST" finished-at="2023-07-15T16:49:12 IST">
          <reporter-output>
          </reporter-output>
        </test-method> <!-- LaunchingBrowser -->
        <test-method status="PASS" signature="tc()[pri:0, instance:login.TC_01_Test@42607a4f]" name="tc" duration-ms="818" started-at="2023-07-15T16:49:12 IST" finished-at="2023-07-15T16:49:13 IST">
          <reporter-output>
          </reporter-output>
        </test-method> <!-- tc -->
        <test-method status="PASS" signature="teardownTheBrowser()[pri:0, instance:login.TC_01_Test@42607a4f]" name="teardownTheBrowser" is-config="true" duration-ms="720" started-at="2023-07-15T16:49:13 IST" finished-at="2023-07-15T16:49:14 IST">
          <reporter-output>
          </reporter-output>
        </test-method> <!-- teardownTheBrowser -->
      </class> <!-- login.TC_01_Test -->
      <class name="login.Tc_02_Test">
        <test-method status="PASS" signature="LaunchingBrowser()[pri:0, instance:login.Tc_02_Test@544a2ea6]" name="LaunchingBrowser" is-config="true" duration-ms="4446" started-at="2023-07-15T16:49:14 IST" finished-at="2023-07-15T16:49:18 IST">
          <reporter-output>
          </reporter-output>
        </test-method> <!-- LaunchingBrowser -->
        <test-method status="PASS" signature="tc()[pri:0, instance:login.Tc_02_Test@544a2ea6]" name="tc" duration-ms="1669" started-at="2023-07-15T16:49:18 IST" finished-at="2023-07-15T16:49:20 IST">
          <reporter-output>
          </reporter-output>
        </test-method> <!-- tc -->
        <test-method status="PASS" signature="teardownTheBrowser()[pri:0, instance:login.Tc_02_Test@544a2ea6]" name="teardownTheBrowser" is-config="true" duration-ms="707" started-at="2023-07-15T16:49:20 IST" finished-at="2023-07-15T16:49:21 IST">
          <reporter-output>
          </reporter-output>
        </test-method> <!-- teardownTheBrowser -->
      </class> <!-- login.Tc_02_Test -->
    </test> <!-- Default test -->
  </suite> <!-- Default suite -->
</testng-results>
